<?xml version="1.0" encoding="UTF-8"?>
<!-- Generated by org.testng.reporters.JUnitXMLReporter -->
<testsuite ignored="0" hostname="Kakon" failures="0" tests="3" name="Default test" time="54.157" errors="0" timestamp="2024-11-12T17:02:29 BDT">
  <testcase classname="TestCases.JoinInstantMeeting" name="JoinWithMeetingID" time="17.723"/>
  <testcase classname="TestCases.JoinInstantMeeting" name="JoinWithMeetingLink" time="10.46"/>
  <testcase classname="TestCases.JoinInstantMeeting" name="JoinWithoutIDLink" time="15.17"/>
</testsuite> <!-- Default test -->
