<?xml version="1.0" encoding="UTF-8"?>
<!-- Generated by org.testng.reporters.JUnitXMLReporter -->
<testsuite ignored="0" hostname="Kakon" failures="0" tests="5" name="Login Tests" time="17.666" errors="0" timestamp="2024-09-15T16:34:23 BDT">
  <testcase classname="TestCases.LoginTest" name="LoginValCred" time="2.328"/>
  <testcase classname="TestCases.LoginTest" name="LoginInvUname" time="2.278"/>
  <testcase classname="TestCases.LoginTest" name="LoginInvPass" time="2.272"/>
  <testcase classname="TestCases.LoginTest" name="LoginInvUnamePass" time="2.23"/>
  <testcase classname="TestCases.LoginTest" name="LoginWithoutCred" time="2.22"/>
</testsuite> <!-- Login Tests -->
